{"/Users/danielaponceberdejo/Developer/bootcamp-first-project/src/api/category.api.ts": {"path":"/Users/danielaponceberdejo/Developer/bootcamp-first-project/src/api/category.api.ts","statementMap":{"0":{"start":{"line":5,"column":0},"end":{"line":5,"column":7}},"1":{"start":{"line":1,"column":0},"end":{"line":1,"column":59}},"2":{"start":{"line":3,"column":0},"end":{"line":3,"column":53}},"3":{"start":{"line":6,"column":18},"end":{"line":7,"column":null}},"4":{"start":{"line":9,"column":1},"end":{"line":11,"column":2}},"5":{"start":{"line":10,"column":2},"end":{"line":10,"column":67}},"6":{"start":{"line":12,"column":14},"end":{"line":12,"column":35}},"7":{"start":{"line":13,"column":1},"end":{"line":13,"column":28}}},"fnMap":{"0":{"name":"fetchAllCategories","decl":{"start":{"line":5,"column":22},"end":{"line":5,"column":40}},"loc":{"start":{"line":5,"column":40},"end":{"line":14,"column":1}}}},"branchMap":{"0":{"loc":{"start":{"line":9,"column":1},"end":{"line":11,"column":2}},"type":"if","locations":[{"start":{"line":9,"column":1},"end":{"line":11,"column":2}}]}},"s":{"0":2,"1":2,"2":2,"3":2,"4":2,"5":1,"6":1,"7":1},"f":{"0":2},"b":{"0":[1]}}
,"/Users/danielaponceberdejo/Developer/bootcamp-first-project/src/api/product.api.ts": {"path":"/Users/danielaponceberdejo/Developer/bootcamp-first-project/src/api/product.api.ts","statementMap":{"0":{"start":{"line":5,"column":0},"end":{"line":5,"column":7}},"1":{"start":{"line":14,"column":0},"end":{"line":14,"column":7}},"2":{"start":{"line":1,"column":0},"end":{"line":1,"column":56}},"3":{"start":{"line":3,"column":0},"end":{"line":3,"column":53}},"4":{"start":{"line":6,"column":18},"end":{"line":6,"column":70}},"5":{"start":{"line":7,"column":1},"end":{"line":9,"column":2}},"6":{"start":{"line":8,"column":2},"end":{"line":8,"column":65}},"7":{"start":{"line":10,"column":14},"end":{"line":10,"column":35}},"8":{"start":{"line":11,"column":1},"end":{"line":11,"column":26}},"9":{"start":{"line":17,"column":18},"end":{"line":18,"column":null}},"10":{"start":{"line":20,"column":1},"end":{"line":24,"column":2}},"11":{"start":{"line":21,"column":2},"end":{"line":23,"column":4}},"12":{"start":{"line":25,"column":14},"end":{"line":25,"column":35}},"13":{"start":{"line":26,"column":1},"end":{"line":26,"column":26}}},"fnMap":{"0":{"name":"fetchAllProducts","decl":{"start":{"line":5,"column":22},"end":{"line":5,"column":38}},"loc":{"start":{"line":5,"column":38},"end":{"line":12,"column":1}}},"1":{"name":"fetchProductsByCategory","decl":{"start":{"line":14,"column":22},"end":{"line":14,"column":45}},"loc":{"start":{"line":15,"column":17},"end":{"line":27,"column":1}}}},"branchMap":{"0":{"loc":{"start":{"line":7,"column":1},"end":{"line":9,"column":2}},"type":"if","locations":[{"start":{"line":7,"column":1},"end":{"line":9,"column":2}}]},"1":{"loc":{"start":{"line":20,"column":1},"end":{"line":24,"column":2}},"type":"if","locations":[{"start":{"line":20,"column":1},"end":{"line":24,"column":2}}]}},"s":{"0":3,"1":3,"2":3,"3":3,"4":2,"5":2,"6":1,"7":1,"8":1,"9":2,"10":2,"11":1,"12":1,"13":1},"f":{"0":2,"1":2},"b":{"0":[1],"1":[1]}}
,"/Users/danielaponceberdejo/Developer/bootcamp-first-project/src/components/Button/Button.tsx": {"path":"/Users/danielaponceberdejo/Developer/bootcamp-first-project/src/components/Button/Button.tsx","statementMap":{"0":{"start":{"line":10,"column":51},"end":{"line":27,"column":1}},"1":{"start":{"line":17,"column":1},"end":{"line":26,"column":3}},"2":{"start":{"line":29,"column":0},"end":{"line":29,"column":22}}},"fnMap":{"0":{"name":"(anonymous_0)","decl":{"start":{"line":10,"column":51},"end":{"line":10,"column":52}},"loc":{"start":{"line":16,"column":5},"end":{"line":27,"column":1}}}},"branchMap":{"0":{"loc":{"start":{"line":11,"column":1},"end":{"line":11,"column":16}},"type":"default-arg","locations":[{"start":{"line":11,"column":8},"end":{"line":11,"column":16}}]},"1":{"loc":{"start":{"line":13,"column":1},"end":{"line":13,"column":17}},"type":"default-arg","locations":[{"start":{"line":13,"column":12},"end":{"line":13,"column":17}}]},"2":{"loc":{"start":{"line":15,"column":1},"end":{"line":15,"column":15}},"type":"default-arg","locations":[{"start":{"line":15,"column":13},"end":{"line":15,"column":15}}]},"3":{"loc":{"start":{"line":22,"column":34},"end":{"line":22,"column":64}},"type":"cond-expr","locations":[{"start":{"line":22,"column":45},"end":{"line":22,"column":59}},{"start":{"line":22,"column":62},"end":{"line":22,"column":64}}]}},"s":{"0":2,"1":27,"2":2},"f":{"0":27},"b":{"0":[7],"1":[24],"2":[6],"3":[3,24]}}
,"/Users/danielaponceberdejo/Developer/bootcamp-first-project/src/components/Cart/CartSummary.tsx": {"path":"/Users/danielaponceberdejo/Developer/bootcamp-first-project/src/components/Cart/CartSummary.tsx","statementMap":{"0":{"start":{"line":2,"column":0},"end":{"line":2,"column":46}},"1":{"start":{"line":4,"column":24},"end":{"line":12,"column":1}},"2":{"start":{"line":5,"column":19},"end":{"line":5,"column":28}},"3":{"start":{"line":7,"column":1},"end":{"line":11,"column":3}},"4":{"start":{"line":14,"column":0},"end":{"line":14,"column":27}}},"fnMap":{"0":{"name":"(anonymous_0)","decl":{"start":{"line":4,"column":24},"end":{"line":4,"column":27}},"loc":{"start":{"line":4,"column":29},"end":{"line":12,"column":1}}}},"branchMap":{},"s":{"0":1,"1":1,"2":5,"3":5,"4":1},"f":{"0":5},"b":{}}
,"/Users/danielaponceberdejo/Developer/bootcamp-first-project/src/components/Cart/CartTable.tsx": {"path":"/Users/danielaponceberdejo/Developer/bootcamp-first-project/src/components/Cart/CartTable.tsx","statementMap":{"0":{"start":{"line":1,"column":0},"end":{"line":1,"column":46}},"1":{"start":{"line":3,"column":0},"end":{"line":3,"column":34}},"2":{"start":{"line":4,"column":0},"end":{"line":4,"column":25}},"3":{"start":{"line":6,"column":22},"end":{"line":29,"column":1}},"4":{"start":{"line":7,"column":18},"end":{"line":7,"column":27}},"5":{"start":{"line":9,"column":1},"end":{"line":28,"column":3}},"6":{"start":{"line":23,"column":6},"end":{"line":23,"column":30}},"7":{"start":{"line":31,"column":0},"end":{"line":31,"column":25}}},"fnMap":{"0":{"name":"(anonymous_1)","decl":{"start":{"line":6,"column":22},"end":{"line":6,"column":25}},"loc":{"start":{"line":6,"column":27},"end":{"line":29,"column":1}}},"1":{"name":"(anonymous_2)","decl":{"start":{"line":22,"column":15},"end":{"line":22,"column":16}},"loc":{"start":{"line":23,"column":6},"end":{"line":23,"column":30}}}},"branchMap":{},"s":{"0":1,"1":1,"2":1,"3":1,"4":4,"5":4,"6":6,"7":1},"f":{"0":4,"1":6},"b":{}}
,"/Users/danielaponceberdejo/Developer/bootcamp-first-project/src/components/Footer/Footer.tsx": {"path":"/Users/danielaponceberdejo/Developer/bootcamp-first-project/src/components/Footer/Footer.tsx","statementMap":{"0":{"start":{"line":1,"column":0},"end":{"line":1,"column":22}},"1":{"start":{"line":3,"column":15},"end":{"line":25,"column":1}},"2":{"start":{"line":4,"column":1},"end":{"line":24,"column":3}},"3":{"start":{"line":27,"column":0},"end":{"line":27,"column":22}}},"fnMap":{"0":{"name":"(anonymous_0)","decl":{"start":{"line":3,"column":15},"end":{"line":3,"column":18}},"loc":{"start":{"line":3,"column":20},"end":{"line":25,"column":1}}}},"branchMap":{},"s":{"0":1,"1":1,"2":1,"3":1},"f":{"0":1},"b":{}}
,"/Users/danielaponceberdejo/Developer/bootcamp-first-project/src/components/Header/CartCounter.tsx": {"path":"/Users/danielaponceberdejo/Developer/bootcamp-first-project/src/components/Header/CartCounter.tsx","statementMap":{"0":{"start":{"line":2,"column":0},"end":{"line":2,"column":46}},"1":{"start":{"line":3,"column":0},"end":{"line":3,"column":36}},"2":{"start":{"line":4,"column":0},"end":{"line":4,"column":53}},"3":{"start":{"line":5,"column":0},"end":{"line":5,"column":27}},"4":{"start":{"line":7,"column":24},"end":{"line":23,"column":1}},"5":{"start":{"line":8,"column":23},"end":{"line":8,"column":32}},"6":{"start":{"line":10,"column":1},"end":{"line":22,"column":3}},"7":{"start":{"line":25,"column":0},"end":{"line":25,"column":27}}},"fnMap":{"0":{"name":"(anonymous_0)","decl":{"start":{"line":7,"column":24},"end":{"line":7,"column":27}},"loc":{"start":{"line":7,"column":29},"end":{"line":23,"column":1}}}},"branchMap":{"0":{"loc":{"start":{"line":16,"column":4},"end":{"line":19,"column":null}},"type":"binary-expr","locations":[{"start":{"line":16,"column":4},"end":{"line":16,"column":17}},{"start":{"line":17,"column":4},"end":{"line":18,"column":null}}]}},"s":{"0":1,"1":1,"2":1,"3":1,"4":1,"5":4,"6":4,"7":1},"f":{"0":4},"b":{"0":[4,2]}}
,"/Users/danielaponceberdejo/Developer/bootcamp-first-project/src/components/Header/CategoryDropdown.tsx": {"path":"/Users/danielaponceberdejo/Developer/bootcamp-first-project/src/components/Header/CategoryDropdown.tsx","statementMap":{"0":{"start":{"line":9,"column":36},"end":{"line":24,"column":1}},"1":{"start":{"line":10,"column":1},"end":{"line":23,"column":3}},"2":{"start":{"line":12,"column":20},"end":{"line":12,"column":52}},"3":{"start":{"line":18,"column":4},"end":{"line":18,"column":23}},"4":{"start":{"line":26,"column":0},"end":{"line":26,"column":32}}},"fnMap":{"0":{"name":"(anonymous_0)","decl":{"start":{"line":9,"column":36},"end":{"line":9,"column":37}},"loc":{"start":{"line":9,"column":73},"end":{"line":24,"column":1}}},"1":{"name":"(anonymous_1)","decl":{"start":{"line":12,"column":13},"end":{"line":12,"column":14}},"loc":{"start":{"line":12,"column":20},"end":{"line":12,"column":52}}},"2":{"name":"(anonymous_2)","decl":{"start":{"line":17,"column":19},"end":{"line":17,"column":20}},"loc":{"start":{"line":18,"column":4},"end":{"line":18,"column":23}}}},"branchMap":{},"s":{"0":1,"1":3,"2":1,"3":9,"4":1},"f":{"0":3,"1":1,"2":9},"b":{}}
,"/Users/danielaponceberdejo/Developer/bootcamp-first-project/src/components/Header/Header.tsx": {"path":"/Users/danielaponceberdejo/Developer/bootcamp-first-project/src/components/Header/Header.tsx","statementMap":{"0":{"start":{"line":2,"column":0},"end":{"line":2,"column":49}},"1":{"start":{"line":3,"column":0},"end":{"line":3,"column":58}},"2":{"start":{"line":4,"column":0},"end":{"line":4,"column":54}},"3":{"start":{"line":5,"column":0},"end":{"line":5,"column":40}},"4":{"start":{"line":6,"column":0},"end":{"line":6,"column":50}},"5":{"start":{"line":7,"column":0},"end":{"line":7,"column":36}},"6":{"start":{"line":8,"column":0},"end":{"line":8,"column":53}},"7":{"start":{"line":9,"column":0},"end":{"line":9,"column":44}},"8":{"start":{"line":10,"column":0},"end":{"line":10,"column":22}},"9":{"start":{"line":17,"column":32},"end":{"line":49,"column":1}},"10":{"start":{"line":18,"column":18},"end":{"line":18,"column":31}},"11":{"start":{"line":20,"column":24},"end":{"line":20,"column":39}},"12":{"start":{"line":22,"column":31},"end":{"line":22,"column":63}},"13":{"start":{"line":24,"column":1},"end":{"line":48,"column":3}},"14":{"start":{"line":51,"column":0},"end":{"line":51,"column":22}}},"fnMap":{"0":{"name":"(anonymous_1)","decl":{"start":{"line":17,"column":32},"end":{"line":17,"column":33}},"loc":{"start":{"line":17,"column":67},"end":{"line":49,"column":1}}}},"branchMap":{"0":{"loc":{"start":{"line":33,"column":6},"end":{"line":42,"column":null}},"type":"cond-expr","locations":[{"start":{"line":34,"column":6},"end":{"line":34,"column":11}},{"start":{"line":36,"column":6},"end":{"line":41,"column":null}}]}},"s":{"0":1,"1":1,"2":1,"3":1,"4":1,"5":1,"6":1,"7":1,"8":1,"9":1,"10":5,"11":5,"12":5,"13":5,"14":1},"f":{"0":5},"b":{"0":[1,4]}}
,"/Users/danielaponceberdejo/Developer/bootcamp-first-project/src/components/Header/SearchBar.tsx": {"path":"/Users/danielaponceberdejo/Developer/bootcamp-first-project/src/components/Header/SearchBar.tsx","statementMap":{"0":{"start":{"line":2,"column":0},"end":{"line":2,"column":54}},"1":{"start":{"line":3,"column":0},"end":{"line":3,"column":25}},"2":{"start":{"line":9,"column":29},"end":{"line":21,"column":1}},"3":{"start":{"line":10,"column":1},"end":{"line":20,"column":3}},"4":{"start":{"line":16,"column":5},"end":{"line":16,"column":56}},"5":{"start":{"line":23,"column":0},"end":{"line":23,"column":25}}},"fnMap":{"0":{"name":"(anonymous_0)","decl":{"start":{"line":9,"column":29},"end":{"line":9,"column":30}},"loc":{"start":{"line":9,"column":51},"end":{"line":21,"column":1}}},"1":{"name":"(anonymous_1)","decl":{"start":{"line":15,"column":13},"end":{"line":15,"column":14}},"loc":{"start":{"line":16,"column":5},"end":{"line":16,"column":56}}}},"branchMap":{},"s":{"0":1,"1":1,"2":1,"3":3,"4":1,"5":1},"f":{"0":3,"1":1},"b":{}}
,"/Users/danielaponceberdejo/Developer/bootcamp-first-project/src/components/ProductList/Paginator.tsx": {"path":"/Users/danielaponceberdejo/Developer/bootcamp-first-project/src/components/ProductList/Paginator.tsx","statementMap":{"0":{"start":{"line":1,"column":0},"end":{"line":1,"column":25}},"1":{"start":{"line":9,"column":44},"end":{"line":33,"column":1}},"2":{"start":{"line":14,"column":1},"end":{"line":32,"column":3}},"3":{"start":{"line":17,"column":19},"end":{"line":17,"column":48}},"4":{"start":{"line":26,"column":19},"end":{"line":26,"column":48}},"5":{"start":{"line":35,"column":0},"end":{"line":35,"column":25}}},"fnMap":{"0":{"name":"(anonymous_0)","decl":{"start":{"line":9,"column":44},"end":{"line":9,"column":45}},"loc":{"start":{"line":13,"column":5},"end":{"line":33,"column":1}}},"1":{"name":"(anonymous_1)","decl":{"start":{"line":17,"column":13},"end":{"line":17,"column":16}},"loc":{"start":{"line":17,"column":19},"end":{"line":17,"column":48}}},"2":{"name":"(anonymous_2)","decl":{"start":{"line":26,"column":13},"end":{"line":26,"column":16}},"loc":{"start":{"line":26,"column":19},"end":{"line":26,"column":48}}}},"branchMap":{},"s":{"0":1,"1":1,"2":5,"3":1,"4":1,"5":1},"f":{"0":5,"1":1,"2":1},"b":{}}
,"/Users/danielaponceberdejo/Developer/bootcamp-first-project/src/components/ProductList/ProductCard.tsx": {"path":"/Users/danielaponceberdejo/Developer/bootcamp-first-project/src/components/ProductList/ProductCard.tsx","statementMap":{"0":{"start":{"line":3,"column":0},"end":{"line":3,"column":46}},"1":{"start":{"line":4,"column":0},"end":{"line":4,"column":27}},"2":{"start":{"line":6,"column":33},"end":{"line":27,"column":1}},"3":{"start":{"line":7,"column":60},"end":{"line":7,"column":65}},"4":{"start":{"line":9,"column":23},"end":{"line":9,"column":32}},"5":{"start":{"line":11,"column":25},"end":{"line":13,"column":2}},"6":{"start":{"line":12,"column":2},"end":{"line":12,"column":19}},"7":{"start":{"line":15,"column":1},"end":{"line":26,"column":3}},"8":{"start":{"line":29,"column":0},"end":{"line":29,"column":27}}},"fnMap":{"0":{"name":"(anonymous_0)","decl":{"start":{"line":6,"column":33},"end":{"line":6,"column":34}},"loc":{"start":{"line":6,"column":43},"end":{"line":27,"column":1}}},"1":{"name":"(anonymous_1)","decl":{"start":{"line":11,"column":25},"end":{"line":11,"column":28}},"loc":{"start":{"line":11,"column":30},"end":{"line":13,"column":2}}}},"branchMap":{},"s":{"0":1,"1":1,"2":1,"3":3,"4":3,"5":3,"6":1,"7":3,"8":1},"f":{"0":3,"1":1},"b":{}}
,"/Users/danielaponceberdejo/Developer/bootcamp-first-project/src/components/ProductList/ProductList.tsx": {"path":"/Users/danielaponceberdejo/Developer/bootcamp-first-project/src/components/ProductList/ProductList.tsx","statementMap":{"0":{"start":{"line":3,"column":0},"end":{"line":3,"column":40}},"1":{"start":{"line":4,"column":0},"end":{"line":4,"column":27}},"2":{"start":{"line":10,"column":42},"end":{"line":18,"column":1}},"3":{"start":{"line":11,"column":1},"end":{"line":17,"column":3}},"4":{"start":{"line":14,"column":4},"end":{"line":14,"column":38}},"5":{"start":{"line":20,"column":0},"end":{"line":20,"column":27}}},"fnMap":{"0":{"name":"(anonymous_1)","decl":{"start":{"line":10,"column":42},"end":{"line":10,"column":43}},"loc":{"start":{"line":10,"column":59},"end":{"line":18,"column":1}}},"1":{"name":"(anonymous_2)","decl":{"start":{"line":13,"column":17},"end":{"line":13,"column":18}},"loc":{"start":{"line":14,"column":4},"end":{"line":14,"column":38}}}},"branchMap":{},"s":{"0":1,"1":1,"2":1,"3":4,"4":6,"5":1},"f":{"0":4,"1":6},"b":{}}
,"/Users/danielaponceberdejo/Developer/bootcamp-first-project/src/components/ShippingForm/ShippingForm.tsx": {"path":"/Users/danielaponceberdejo/Developer/bootcamp-first-project/src/components/ShippingForm/ShippingForm.tsx","statementMap":{"0":{"start":{"line":1,"column":0},"end":{"line":1,"column":37}},"1":{"start":{"line":2,"column":0},"end":{"line":2,"column":56}},"2":{"start":{"line":3,"column":0},"end":{"line":3,"column":46}},"3":{"start":{"line":4,"column":0},"end":{"line":4,"column":43}},"4":{"start":{"line":5,"column":0},"end":{"line":5,"column":53}},"5":{"start":{"line":6,"column":0},"end":{"line":6,"column":38}},"6":{"start":{"line":7,"column":0},"end":{"line":7,"column":58}},"7":{"start":{"line":8,"column":0},"end":{"line":8,"column":28}},"8":{"start":{"line":20,"column":25},"end":{"line":200,"column":1}},"9":{"start":{"line":21,"column":18},"end":{"line":21,"column":31}},"10":{"start":{"line":23,"column":23},"end":{"line":23,"column":32}},"11":{"start":{"line":24,"column":19},"end":{"line":24,"column":33}},"12":{"start":{"line":26,"column":35},"end":{"line":33,"column":3}},"13":{"start":{"line":35,"column":29},"end":{"line":35,"column":53}},"14":{"start":{"line":37,"column":27},"end":{"line":46,"column":2}},"15":{"start":{"line":40,"column":26},"end":{"line":40,"column":34}},"16":{"start":{"line":41,"column":2},"end":{"line":41,"column":48}},"17":{"start":{"line":43,"column":2},"end":{"line":45,"column":3}},"18":{"start":{"line":44,"column":3},"end":{"line":44,"column":47}},"19":{"start":{"line":48,"column":18},"end":{"line":85,"column":2}},"20":{"start":{"line":49,"column":32},"end":{"line":49,"column":34}},"21":{"start":{"line":51,"column":2},"end":{"line":56,"column":3}},"22":{"start":{"line":55,"column":3},"end":{"line":55,"column":57}},"23":{"start":{"line":58,"column":2},"end":{"line":63,"column":3}},"24":{"start":{"line":62,"column":3},"end":{"line":62,"column":56}},"25":{"start":{"line":65,"column":2},"end":{"line":67,"column":3}},"26":{"start":{"line":66,"column":3},"end":{"line":66,"column":44}},"27":{"start":{"line":69,"column":2},"end":{"line":71,"column":3}},"28":{"start":{"line":70,"column":3},"end":{"line":70,"column":43}},"29":{"start":{"line":73,"column":2},"end":{"line":75,"column":3}},"30":{"start":{"line":74,"column":3},"end":{"line":74,"column":45}},"31":{"start":{"line":77,"column":2},"end":{"line":81,"column":3}},"32":{"start":{"line":78,"column":3},"end":{"line":78,"column":47}},"33":{"start":{"line":79,"column":9},"end":{"line":81,"column":3}},"34":{"start":{"line":80,"column":3},"end":{"line":80,"column":61}},"35":{"start":{"line":83,"column":2},"end":{"line":83,"column":23}},"36":{"start":{"line":84,"column":2},"end":{"line":84,"column":45}},"37":{"start":{"line":87,"column":22},"end":{"line":94,"column":2}},"38":{"start":{"line":88,"column":2},"end":{"line":88,"column":21}},"39":{"start":{"line":89,"column":2},"end":{"line":93,"column":3}},"40":{"start":{"line":90,"column":3},"end":{"line":90,"column":46}},"41":{"start":{"line":91,"column":3},"end":{"line":91,"column":15}},"42":{"start":{"line":92,"column":3},"end":{"line":92,"column":34}},"43":{"start":{"line":96,"column":1},"end":{"line":199,"column":3}},"44":{"start":{"line":140,"column":6},"end":{"line":140,"column":32}},"45":{"start":{"line":202,"column":0},"end":{"line":202,"column":28}}},"fnMap":{"0":{"name":"(anonymous_1)","decl":{"start":{"line":20,"column":25},"end":{"line":20,"column":28}},"loc":{"start":{"line":20,"column":30},"end":{"line":200,"column":1}}},"1":{"name":"(anonymous_2)","decl":{"start":{"line":37,"column":27},"end":{"line":37,"column":null}},"loc":{"start":{"line":39,"column":5},"end":{"line":46,"column":2}}},"2":{"name":"(anonymous_3)","decl":{"start":{"line":48,"column":18},"end":{"line":48,"column":30}},"loc":{"start":{"line":48,"column":32},"end":{"line":85,"column":2}}},"3":{"name":"(anonymous_4)","decl":{"start":{"line":87,"column":22},"end":{"line":87,"column":23}},"loc":{"start":{"line":87,"column":45},"end":{"line":94,"column":2}}},"4":{"name":"(anonymous_5)","decl":{"start":{"line":139,"column":20},"end":{"line":139,"column":21}},"loc":{"start":{"line":140,"column":6},"end":{"line":140,"column":32}}}},"branchMap":{"0":{"loc":{"start":{"line":43,"column":2},"end":{"line":45,"column":3}},"type":"if","locations":[{"start":{"line":43,"column":2},"end":{"line":45,"column":3}}]},"1":{"loc":{"start":{"line":51,"column":2},"end":{"line":56,"column":3}},"type":"if","locations":[{"start":{"line":51,"column":2},"end":{"line":56,"column":3}}]},"2":{"loc":{"start":{"line":52,"column":3},"end":{"line":53,"column":55}},"type":"binary-expr","locations":[{"start":{"line":52,"column":3},"end":{"line":52,"column":30}},{"start":{"line":53,"column":3},"end":{"line":53,"column":55}}]},"3":{"loc":{"start":{"line":58,"column":2},"end":{"line":63,"column":3}},"type":"if","locations":[{"start":{"line":58,"column":2},"end":{"line":63,"column":3}}]},"4":{"loc":{"start":{"line":59,"column":3},"end":{"line":60,"column":54}},"type":"binary-expr","locations":[{"start":{"line":59,"column":3},"end":{"line":59,"column":29}},{"start":{"line":60,"column":3},"end":{"line":60,"column":54}}]},"5":{"loc":{"start":{"line":65,"column":2},"end":{"line":67,"column":3}},"type":"if","locations":[{"start":{"line":65,"column":2},"end":{"line":67,"column":3}}]},"6":{"loc":{"start":{"line":69,"column":2},"end":{"line":71,"column":3}},"type":"if","locations":[{"start":{"line":69,"column":2},"end":{"line":71,"column":3}}]},"7":{"loc":{"start":{"line":73,"column":2},"end":{"line":75,"column":3}},"type":"if","locations":[{"start":{"line":73,"column":2},"end":{"line":75,"column":3}}]},"8":{"loc":{"start":{"line":77,"column":2},"end":{"line":81,"column":3}},"type":"if","locations":[{"start":{"line":77,"column":2},"end":{"line":81,"column":3}},{"start":{"line":79,"column":9},"end":{"line":81,"column":3}}]},"9":{"loc":{"start":{"line":79,"column":9},"end":{"line":81,"column":3}},"type":"if","locations":[{"start":{"line":79,"column":9},"end":{"line":81,"column":3}}]},"10":{"loc":{"start":{"line":89,"column":2},"end":{"line":93,"column":3}},"type":"if","locations":[{"start":{"line":89,"column":2},"end":{"line":93,"column":3}}]},"11":{"loc":{"start":{"line":110,"column":5},"end":{"line":111,"column":null}},"type":"binary-expr","locations":[{"start":{"line":110,"column":5},"end":{"line":110,"column":21}},{"start":{"line":111,"column":5},"end":{"line":111,"column":62}}]},"12":{"loc":{"start":{"line":125,"column":5},"end":{"line":126,"column":null}},"type":"binary-expr","locations":[{"start":{"line":125,"column":5},"end":{"line":125,"column":20}},{"start":{"line":126,"column":5},"end":{"line":126,"column":61}}]},"13":{"loc":{"start":{"line":145,"column":5},"end":{"line":146,"column":null}},"type":"binary-expr","locations":[{"start":{"line":145,"column":5},"end":{"line":145,"column":20}},{"start":{"line":146,"column":5},"end":{"line":146,"column":61}}]},"14":{"loc":{"start":{"line":160,"column":5},"end":{"line":161,"column":null}},"type":"binary-expr","locations":[{"start":{"line":160,"column":5},"end":{"line":160,"column":19}},{"start":{"line":161,"column":5},"end":{"line":161,"column":60}}]},"15":{"loc":{"start":{"line":175,"column":5},"end":{"line":176,"column":null}},"type":"binary-expr","locations":[{"start":{"line":175,"column":5},"end":{"line":175,"column":21}},{"start":{"line":176,"column":5},"end":{"line":176,"column":62}}]},"16":{"loc":{"start":{"line":190,"column":5},"end":{"line":191,"column":null}},"type":"binary-expr","locations":[{"start":{"line":190,"column":5},"end":{"line":190,"column":23}},{"start":{"line":191,"column":5},"end":{"line":191,"column":64}}]}},"s":{"0":1,"1":1,"2":1,"3":1,"4":1,"5":1,"6":1,"7":1,"8":1,"9":19,"10":19,"11":19,"12":19,"13":19,"14":19,"15":8,"16":8,"17":8,"18":0,"19":19,"20":4,"21":4,"22":3,"23":4,"24":3,"25":4,"26":3,"27":4,"28":3,"29":4,"30":3,"31":4,"32":2,"33":2,"34":1,"35":4,"36":4,"37":19,"38":4,"39":4,"40":1,"41":1,"42":1,"43":19,"44":38,"45":1},"f":{"0":19,"1":8,"2":4,"3":4,"4":38},"b":{"0":[0],"1":[3],"2":[4,1],"3":[3],"4":[4,1],"5":[3],"6":[3],"7":[3],"8":[2,2],"9":[1],"10":[1],"11":[19,3],"12":[19,3],"13":[19,3],"14":[19,3],"15":[19,3],"16":[19,3]}}
,"/Users/danielaponceberdejo/Developer/bootcamp-first-project/src/components/Spinner/Spinner.tsx": {"path":"/Users/danielaponceberdejo/Developer/bootcamp-first-project/src/components/Spinner/Spinner.tsx","statementMap":{"0":{"start":{"line":1,"column":0},"end":{"line":1,"column":23}},"1":{"start":{"line":3,"column":16},"end":{"line":9,"column":1}},"2":{"start":{"line":4,"column":1},"end":{"line":8,"column":3}},"3":{"start":{"line":11,"column":0},"end":{"line":11,"column":23}}},"fnMap":{"0":{"name":"(anonymous_0)","decl":{"start":{"line":3,"column":16},"end":{"line":3,"column":19}},"loc":{"start":{"line":3,"column":21},"end":{"line":9,"column":1}}}},"branchMap":{},"s":{"0":1,"1":1,"2":1,"3":1},"f":{"0":1},"b":{}}
,"/Users/danielaponceberdejo/Developer/bootcamp-first-project/src/context/CartContext.tsx": {"path":"/Users/danielaponceberdejo/Developer/bootcamp-first-project/src/context/CartContext.tsx","statementMap":{"0":{"start":{"line":1,"column":0},"end":{"line":1,"column":null}},"1":{"start":{"line":11,"column":0},"end":{"line":11,"column":43}},"2":{"start":{"line":12,"column":0},"end":{"line":12,"column":71}},"3":{"start":{"line":33,"column":32},"end":{"line":37,"column":2}},"4":{"start":{"line":39,"column":20},"end":{"line":126,"column":1}},"5":{"start":{"line":40,"column":1},"end":{"line":125,"column":2}},"6":{"start":{"line":42,"column":24},"end":{"line":43,"column":null}},"7":{"start":{"line":43,"column":14},"end":{"line":43,"column":43}},"8":{"start":{"line":45,"column":3},"end":{"line":66,"column":4}},"9":{"start":{"line":46,"column":24},"end":{"line":49,"column":null}},"10":{"start":{"line":47,"column":5},"end":{"line":49,"column":12}},"11":{"start":{"line":51,"column":25},"end":{"line":53,"column":null}},"12":{"start":{"line":52,"column":20},"end":{"line":52,"column":52}},"13":{"start":{"line":55,"column":29},"end":{"line":57,"column":null}},"14":{"start":{"line":56,"column":20},"end":{"line":56,"column":39}},"15":{"start":{"line":60,"column":4},"end":{"line":65,"column":6}},"16":{"start":{"line":68,"column":37},"end":{"line":71,"column":5}},"17":{"start":{"line":72,"column":3},"end":{"line":77,"column":5}},"18":{"start":{"line":80,"column":24},"end":{"line":81,"column":null}},"19":{"start":{"line":81,"column":14},"end":{"line":81,"column":40}},"20":{"start":{"line":83,"column":24},"end":{"line":85,"column":null}},"21":{"start":{"line":84,"column":19},"end":{"line":84,"column":51}},"22":{"start":{"line":87,"column":28},"end":{"line":89,"column":null}},"23":{"start":{"line":88,"column":19},"end":{"line":88,"column":38}},"24":{"start":{"line":92,"column":3},"end":{"line":97,"column":5}},"25":{"start":{"line":100,"column":23},"end":{"line":103,"column":null}},"26":{"start":{"line":101,"column":4},"end":{"line":103,"column":11}},"27":{"start":{"line":105,"column":24},"end":{"line":107,"column":null}},"28":{"start":{"line":106,"column":19},"end":{"line":106,"column":51}},"29":{"start":{"line":109,"column":28},"end":{"line":111,"column":null}},"30":{"start":{"line":110,"column":19},"end":{"line":110,"column":38}},"31":{"start":{"line":114,"column":3},"end":{"line":119,"column":5}},"32":{"start":{"line":122,"column":3},"end":{"line":122,"column":23}},"33":{"start":{"line":124,"column":3},"end":{"line":124,"column":52}},"34":{"start":{"line":133,"column":20},"end":{"line":133,"column":74}},"35":{"start":{"line":135,"column":57},"end":{"line":148,"column":1}},"36":{"start":{"line":136,"column":20},"end":{"line":136,"column":71}},"37":{"start":{"line":137,"column":37},"end":{"line":139,"column":16}},"38":{"start":{"line":141,"column":27},"end":{"line":141,"column":68}},"39":{"start":{"line":143,"column":1},"end":{"line":147,"column":3}},"40":{"start":{"line":135,"column":13},"end":{"line":135,"column":57}},"41":{"start":{"line":150,"column":30},"end":{"line":156,"column":1}},"42":{"start":{"line":151,"column":17},"end":{"line":151,"column":40}},"43":{"start":{"line":152,"column":1},"end":{"line":154,"column":2}},"44":{"start":{"line":153,"column":2},"end":{"line":153,"column":74}},"45":{"start":{"line":155,"column":1},"end":{"line":155,"column":16}},"46":{"start":{"line":150,"column":13},"end":{"line":150,"column":30}}},"fnMap":{"0":{"name":"(anonymous_0)","decl":{"start":{"line":39,"column":20},"end":{"line":39,"column":21}},"loc":{"start":{"line":39,"column":72},"end":{"line":126,"column":1}}},"1":{"name":"(anonymous_1)","decl":{"start":{"line":43,"column":4},"end":{"line":43,"column":5}},"loc":{"start":{"line":43,"column":14},"end":{"line":43,"column":43}}},"2":{"name":"(anonymous_2)","decl":{"start":{"line":46,"column":39},"end":{"line":46,"column":40}},"loc":{"start":{"line":47,"column":5},"end":{"line":49,"column":12}}},"3":{"name":"(anonymous_3)","decl":{"start":{"line":52,"column":5},"end":{"line":52,"column":6}},"loc":{"start":{"line":52,"column":20},"end":{"line":52,"column":52}}},"4":{"name":"(anonymous_4)","decl":{"start":{"line":56,"column":5},"end":{"line":56,"column":6}},"loc":{"start":{"line":56,"column":20},"end":{"line":56,"column":39}}},"5":{"name":"(anonymous_5)","decl":{"start":{"line":81,"column":4},"end":{"line":81,"column":5}},"loc":{"start":{"line":81,"column":14},"end":{"line":81,"column":40}}},"6":{"name":"(anonymous_6)","decl":{"start":{"line":84,"column":4},"end":{"line":84,"column":5}},"loc":{"start":{"line":84,"column":19},"end":{"line":84,"column":51}}},"7":{"name":"(anonymous_7)","decl":{"start":{"line":88,"column":4},"end":{"line":88,"column":5}},"loc":{"start":{"line":88,"column":19},"end":{"line":88,"column":38}}},"8":{"name":"(anonymous_8)","decl":{"start":{"line":100,"column":38},"end":{"line":100,"column":39}},"loc":{"start":{"line":101,"column":4},"end":{"line":103,"column":11}}},"9":{"name":"(anonymous_9)","decl":{"start":{"line":106,"column":4},"end":{"line":106,"column":5}},"loc":{"start":{"line":106,"column":19},"end":{"line":106,"column":51}}},"10":{"name":"(anonymous_10)","decl":{"start":{"line":110,"column":4},"end":{"line":110,"column":5}},"loc":{"start":{"line":110,"column":19},"end":{"line":110,"column":38}}},"11":{"name":"(anonymous_11)","decl":{"start":{"line":135,"column":57},"end":{"line":135,"column":58}},"loc":{"start":{"line":135,"column":74},"end":{"line":148,"column":1}}},"12":{"name":"(anonymous_12)","decl":{"start":{"line":150,"column":30},"end":{"line":150,"column":51}},"loc":{"start":{"line":150,"column":53},"end":{"line":156,"column":1}}}},"branchMap":{"0":{"loc":{"start":{"line":40,"column":1},"end":{"line":125,"column":2}},"type":"switch","locations":[{"start":{"line":41,"column":2},"end":{"line":78,"column":3}},{"start":{"line":79,"column":2},"end":{"line":98,"column":3}},{"start":{"line":99,"column":2},"end":{"line":120,"column":3}},{"start":{"line":121,"column":2},"end":{"line":122,"column":23}},{"start":{"line":123,"column":2},"end":{"line":124,"column":52}}]},"1":{"loc":{"start":{"line":45,"column":3},"end":{"line":66,"column":4}},"type":"if","locations":[{"start":{"line":45,"column":3},"end":{"line":66,"column":4}}]},"2":{"loc":{"start":{"line":47,"column":5},"end":{"line":49,"column":12}},"type":"cond-expr","locations":[{"start":{"line":48,"column":8},"end":{"line":48,"column":48}},{"start":{"line":49,"column":8},"end":{"line":49,"column":12}}]},"3":{"loc":{"start":{"line":101,"column":4},"end":{"line":103,"column":11}},"type":"cond-expr","locations":[{"start":{"line":102,"column":7},"end":{"line":102,"column":53}},{"start":{"line":103,"column":7},"end":{"line":103,"column":11}}]},"4":{"loc":{"start":{"line":137,"column":37},"end":{"line":139,"column":16}},"type":"cond-expr","locations":[{"start":{"line":138,"column":4},"end":{"line":138,"column":26}},{"start":{"line":139,"column":4},"end":{"line":139,"column":16}}]},"5":{"loc":{"start":{"line":152,"column":1},"end":{"line":154,"column":2}},"type":"if","locations":[{"start":{"line":152,"column":1},"end":{"line":154,"column":2}}]}},"s":{"0":8,"1":8,"2":8,"3":8,"4":8,"5":13,"6":7,"7":1,"8":7,"9":1,"10":1,"11":1,"12":1,"13":1,"14":1,"15":1,"16":6,"17":6,"18":2,"19":1,"20":2,"21":0,"22":2,"23":0,"24":2,"25":2,"26":2,"27":2,"28":2,"29":2,"30":2,"31":2,"32":2,"33":0,"34":8,"35":8,"36":29,"37":29,"38":29,"39":29,"40":8,"41":8,"42":25,"43":25,"44":1,"45":24,"46":8},"f":{"0":13,"1":1,"2":1,"3":1,"4":1,"5":1,"6":0,"7":0,"8":2,"9":2,"10":2,"11":29,"12":25},"b":{"0":[7,2,2,2,0],"1":[1],"2":[1,0],"3":[2,0],"4":[24,5],"5":[1]}}
,"/Users/danielaponceberdejo/Developer/bootcamp-first-project/src/hooks/useCart.ts": {"path":"/Users/danielaponceberdejo/Developer/bootcamp-first-project/src/hooks/useCart.ts","statementMap":{"0":{"start":{"line":1,"column":0},"end":{"line":1,"column":34}},"1":{"start":{"line":2,"column":0},"end":{"line":2,"column":56}},"2":{"start":{"line":4,"column":0},"end":{"line":4,"column":43}},"3":{"start":{"line":5,"column":0},"end":{"line":5,"column":71}},"4":{"start":{"line":7,"column":23},"end":{"line":40,"column":1}},"5":{"start":{"line":8,"column":29},"end":{"line":8,"column":45}},"6":{"start":{"line":10,"column":1},"end":{"line":15,"column":13}},"7":{"start":{"line":11,"column":2},"end":{"line":14,"column":4}},"8":{"start":{"line":17,"column":19},"end":{"line":18,"column":64}},"9":{"start":{"line":18,"column":2},"end":{"line":18,"column":64}},"10":{"start":{"line":20,"column":24},"end":{"line":21,"column":64}},"11":{"start":{"line":21,"column":2},"end":{"line":21,"column":64}},"12":{"start":{"line":23,"column":24},"end":{"line":27,"column":4}},"13":{"start":{"line":24,"column":2},"end":{"line":27,"column":4}},"14":{"start":{"line":29,"column":19},"end":{"line":29,"column":68}},"15":{"start":{"line":29,"column":25},"end":{"line":29,"column":68}},"16":{"start":{"line":31,"column":1},"end":{"line":39,"column":3}},"17":{"start":{"line":7,"column":13},"end":{"line":7,"column":23}}},"fnMap":{"0":{"name":"(anonymous_0)","decl":{"start":{"line":7,"column":23},"end":{"line":7,"column":26}},"loc":{"start":{"line":7,"column":28},"end":{"line":40,"column":1}}},"1":{"name":"(anonymous_1)","decl":{"start":{"line":10,"column":11},"end":{"line":10,"column":14}},"loc":{"start":{"line":10,"column":16},"end":{"line":15,"column":2}}},"2":{"name":"(anonymous_2)","decl":{"start":{"line":17,"column":19},"end":{"line":17,"column":20}},"loc":{"start":{"line":18,"column":2},"end":{"line":18,"column":64}}},"3":{"name":"(anonymous_3)","decl":{"start":{"line":20,"column":24},"end":{"line":20,"column":25}},"loc":{"start":{"line":21,"column":2},"end":{"line":21,"column":64}}},"4":{"name":"(anonymous_4)","decl":{"start":{"line":23,"column":24},"end":{"line":23,"column":25}},"loc":{"start":{"line":24,"column":2},"end":{"line":27,"column":4}}},"5":{"name":"(anonymous_5)","decl":{"start":{"line":29,"column":19},"end":{"line":29,"column":22}},"loc":{"start":{"line":29,"column":25},"end":{"line":29,"column":68}}}},"branchMap":{},"s":{"0":6,"1":6,"2":6,"3":6,"4":6,"5":14,"6":14,"7":14,"8":14,"9":6,"10":14,"11":1,"12":14,"13":1,"14":14,"15":1,"16":14,"17":6},"f":{"0":14,"1":14,"2":6,"3":1,"4":1,"5":1},"b":{}}
,"/Users/danielaponceberdejo/Developer/bootcamp-first-project/src/hooks/useCategories.ts": {"path":"/Users/danielaponceberdejo/Developer/bootcamp-first-project/src/hooks/useCategories.ts","statementMap":{"0":{"start":{"line":1,"column":0},"end":{"line":1,"column":44}},"1":{"start":{"line":2,"column":0},"end":{"line":2,"column":57}},"2":{"start":{"line":5,"column":29},"end":{"line":13,"column":1}},"3":{"start":{"line":6,"column":37},"end":{"line":6,"column":61}},"4":{"start":{"line":8,"column":1},"end":{"line":10,"column":8}},"5":{"start":{"line":9,"column":2},"end":{"line":9,"column":59}},"6":{"start":{"line":9,"column":38},"end":{"line":9,"column":57}},"7":{"start":{"line":12,"column":1},"end":{"line":12,"column":23}},"8":{"start":{"line":5,"column":13},"end":{"line":5,"column":29}}},"fnMap":{"0":{"name":"(anonymous_0)","decl":{"start":{"line":5,"column":29},"end":{"line":5,"column":32}},"loc":{"start":{"line":5,"column":34},"end":{"line":13,"column":1}}},"1":{"name":"(anonymous_1)","decl":{"start":{"line":8,"column":11},"end":{"line":8,"column":14}},"loc":{"start":{"line":8,"column":16},"end":{"line":10,"column":2}}},"2":{"name":"(anonymous_2)","decl":{"start":{"line":9,"column":28},"end":{"line":9,"column":29}},"loc":{"start":{"line":9,"column":38},"end":{"line":9,"column":57}}}},"branchMap":{},"s":{"0":1,"1":1,"2":1,"3":2,"4":2,"5":1,"6":1,"7":2,"8":1},"f":{"0":2,"1":1,"2":1},"b":{}}
,"/Users/danielaponceberdejo/Developer/bootcamp-first-project/src/hooks/useDistricts.ts": {"path":"/Users/danielaponceberdejo/Developer/bootcamp-first-project/src/hooks/useDistricts.ts","statementMap":{"0":{"start":{"line":1,"column":0},"end":{"line":1,"column":44}},"1":{"start":{"line":8,"column":28},"end":{"line":22,"column":1}},"2":{"start":{"line":9,"column":35},"end":{"line":9,"column":59}},"3":{"start":{"line":11,"column":1},"end":{"line":19,"column":8}},"4":{"start":{"line":12,"column":25},"end":{"line":16,"column":3}},"5":{"start":{"line":13,"column":20},"end":{"line":13,"column":66}},"6":{"start":{"line":14,"column":28},"end":{"line":14,"column":49}},"7":{"start":{"line":15,"column":3},"end":{"line":15,"column":22}},"8":{"start":{"line":18,"column":2},"end":{"line":18,"column":19}},"9":{"start":{"line":21,"column":1},"end":{"line":21,"column":18}},"10":{"start":{"line":8,"column":13},"end":{"line":8,"column":28}}},"fnMap":{"0":{"name":"(anonymous_0)","decl":{"start":{"line":8,"column":28},"end":{"line":8,"column":31}},"loc":{"start":{"line":8,"column":33},"end":{"line":22,"column":1}}},"1":{"name":"(anonymous_1)","decl":{"start":{"line":11,"column":11},"end":{"line":11,"column":14}},"loc":{"start":{"line":11,"column":16},"end":{"line":19,"column":2}}},"2":{"name":"(anonymous_2)","decl":{"start":{"line":12,"column":25},"end":{"line":12,"column":30}},"loc":{"start":{"line":12,"column":36},"end":{"line":16,"column":3}}}},"branchMap":{},"s":{"0":2,"1":2,"2":2,"3":2,"4":1,"5":1,"6":1,"7":1,"8":1,"9":2,"10":2},"f":{"0":2,"1":1,"2":1},"b":{}}
,"/Users/danielaponceberdejo/Developer/bootcamp-first-project/src/hooks/useProducts.ts": {"path":"/Users/danielaponceberdejo/Developer/bootcamp-first-project/src/hooks/useProducts.ts","statementMap":{"0":{"start":{"line":1,"column":0},"end":{"line":1,"column":44}},"1":{"start":{"line":2,"column":0},"end":{"line":2,"column":79}},"2":{"start":{"line":4,"column":0},"end":{"line":4,"column":51}},"3":{"start":{"line":5,"column":0},"end":{"line":5,"column":53}},"4":{"start":{"line":7,"column":27},"end":{"line":61,"column":1}},"5":{"start":{"line":8,"column":39},"end":{"line":8,"column":62}},"6":{"start":{"line":9,"column":49},"end":{"line":9,"column":72}},"7":{"start":{"line":10,"column":35},"end":{"line":10,"column":49}},"8":{"start":{"line":11,"column":39},"end":{"line":11,"column":50}},"9":{"start":{"line":13,"column":22},"end":{"line":30,"column":2}},"10":{"start":{"line":14,"column":2},"end":{"line":14,"column":21}},"11":{"start":{"line":15,"column":2},"end":{"line":29,"column":3}},"12":{"start":{"line":16,"column":29},"end":{"line":16,"column":31}},"13":{"start":{"line":17,"column":3},"end":{"line":21,"column":4}},"14":{"start":{"line":18,"column":4},"end":{"line":18,"column":40}},"15":{"start":{"line":20,"column":4},"end":{"line":20,"column":55}},"16":{"start":{"line":22,"column":3},"end":{"line":22,"column":28}},"17":{"start":{"line":23,"column":3},"end":{"line":23,"column":33}},"18":{"start":{"line":24,"column":3},"end":{"line":24,"column":51}},"19":{"start":{"line":26,"column":3},"end":{"line":26,"column":56}},"20":{"start":{"line":28,"column":3},"end":{"line":28,"column":23}},"21":{"start":{"line":32,"column":1},"end":{"line":34,"column":16}},"22":{"start":{"line":33,"column":2},"end":{"line":33,"column":17}},"23":{"start":{"line":36,"column":1},"end":{"line":42,"column":27}},"24":{"start":{"line":37,"column":19},"end":{"line":38,"column":null}},"25":{"start":{"line":38,"column":3},"end":{"line":38,"column":61}},"26":{"start":{"line":40,"column":2},"end":{"line":40,"column":32}},"27":{"start":{"line":41,"column":2},"end":{"line":41,"column":20}},"28":{"start":{"line":44,"column":27},"end":{"line":46,"column":null}},"29":{"start":{"line":49,"column":20},"end":{"line":50,"column":null}},"30":{"start":{"line":53,"column":1},"end":{"line":60,"column":3}},"31":{"start":{"line":7,"column":13},"end":{"line":7,"column":27}}},"fnMap":{"0":{"name":"(anonymous_0)","decl":{"start":{"line":7,"column":27},"end":{"line":7,"column":28}},"loc":{"start":{"line":7,"column":64},"end":{"line":61,"column":1}}},"1":{"name":"(anonymous_1)","decl":{"start":{"line":13,"column":22},"end":{"line":13,"column":27}},"loc":{"start":{"line":13,"column":33},"end":{"line":30,"column":2}}},"2":{"name":"(anonymous_2)","decl":{"start":{"line":32,"column":11},"end":{"line":32,"column":14}},"loc":{"start":{"line":32,"column":16},"end":{"line":34,"column":2}}},"3":{"name":"(anonymous_3)","decl":{"start":{"line":36,"column":11},"end":{"line":36,"column":14}},"loc":{"start":{"line":36,"column":16},"end":{"line":42,"column":2}}},"4":{"name":"(anonymous_4)","decl":{"start":{"line":37,"column":38},"end":{"line":37,"column":39}},"loc":{"start":{"line":38,"column":3},"end":{"line":38,"column":61}}}},"branchMap":{"0":{"loc":{"start":{"line":17,"column":3},"end":{"line":21,"column":4}},"type":"if","locations":[{"start":{"line":17,"column":3},"end":{"line":21,"column":4}},{"start":{"line":19,"column":10},"end":{"line":21,"column":4}}]}},"s":{"0":2,"1":2,"2":2,"3":2,"4":2,"5":18,"6":18,"7":18,"8":18,"9":18,"10":4,"11":4,"12":4,"13":4,"14":3,"15":1,"16":4,"17":4,"18":4,"19":0,"20":4,"21":18,"22":4,"23":18,"24":8,"25":11,"26":8,"27":8,"28":18,"29":18,"30":18,"31":2},"f":{"0":18,"1":4,"2":4,"3":8,"4":11},"b":{"0":[3,1]}}
,"/Users/danielaponceberdejo/Developer/bootcamp-first-project/src/mappers/category.mapper.ts": {"path":"/Users/danielaponceberdejo/Developer/bootcamp-first-project/src/mappers/category.mapper.ts","statementMap":{"0":{"start":{"line":3,"column":0},"end":{"line":3,"column":16}},"1":{"start":{"line":10,"column":0},"end":{"line":10,"column":16}},"2":{"start":{"line":4,"column":1},"end":{"line":7,"column":3}},"3":{"start":{"line":11,"column":1},"end":{"line":11,"column":36}}},"fnMap":{"0":{"name":"mapCategory","decl":{"start":{"line":3,"column":16},"end":{"line":3,"column":27}},"loc":{"start":{"line":3,"column":57},"end":{"line":8,"column":1}}},"1":{"name":"mapCategories","decl":{"start":{"line":10,"column":16},"end":{"line":10,"column":29}},"loc":{"start":{"line":10,"column":63},"end":{"line":12,"column":1}}}},"branchMap":{},"s":{"0":3,"1":3,"2":3,"3":2},"f":{"0":3,"1":2},"b":{}}
,"/Users/danielaponceberdejo/Developer/bootcamp-first-project/src/mappers/product.mapper.ts": {"path":"/Users/danielaponceberdejo/Developer/bootcamp-first-project/src/mappers/product.mapper.ts","statementMap":{"0":{"start":{"line":7,"column":0},"end":{"line":7,"column":16}},"1":{"start":{"line":18,"column":0},"end":{"line":18,"column":16}},"2":{"start":{"line":8,"column":1},"end":{"line":15,"column":3}},"3":{"start":{"line":19,"column":1},"end":{"line":19,"column":45}}},"fnMap":{"0":{"name":"mapProduct","decl":{"start":{"line":7,"column":16},"end":{"line":7,"column":26}},"loc":{"start":{"line":7,"column":53},"end":{"line":16,"column":1}}},"1":{"name":"mapProducts","decl":{"start":{"line":18,"column":16},"end":{"line":18,"column":27}},"loc":{"start":{"line":18,"column":59},"end":{"line":20,"column":1}}}},"branchMap":{},"s":{"0":4,"1":4,"2":3,"3":2},"f":{"0":3,"1":2},"b":{}}
,"/Users/danielaponceberdejo/Developer/bootcamp-first-project/src/models/product.types.ts": {"path":"/Users/danielaponceberdejo/Developer/bootcamp-first-project/src/models/product.types.ts","statementMap":{"0":{"start":{"line":42,"column":0},"end":{"line":42,"column":null}},"1":{"start":{"line":43,"column":1},"end":{"line":43,"column":null}},"2":{"start":{"line":44,"column":1},"end":{"line":44,"column":null}},"3":{"start":{"line":60,"column":0},"end":{"line":60,"column":null}},"4":{"start":{"line":61,"column":1},"end":{"line":61,"column":null}},"5":{"start":{"line":62,"column":1},"end":{"line":62,"column":null}},"6":{"start":{"line":63,"column":1},"end":{"line":63,"column":null}},"7":{"start":{"line":64,"column":1},"end":{"line":64,"column":null}},"8":{"start":{"line":65,"column":1},"end":{"line":65,"column":null}}},"fnMap":{"0":{"name":"(anonymous_0)","decl":{"start":{"line":42,"column":0},"end":{"line":42,"column":12}},"loc":{"start":{"line":42,"column":30},"end":{"line":45,"column":1}}},"1":{"name":"(anonymous_1)","decl":{"start":{"line":60,"column":0},"end":{"line":60,"column":12}},"loc":{"start":{"line":60,"column":24},"end":{"line":66,"column":1}}}},"branchMap":{"0":{"loc":{"start":{"line":42,"column":12},"end":{"line":42,"column":null}},"type":"binary-expr","locations":[{"start":{"line":42,"column":12},"end":{"line":42,"column":30}},{"start":{"line":42,"column":30},"end":{"line":42,"column":null}}]},"1":{"loc":{"start":{"line":60,"column":12},"end":{"line":60,"column":null}},"type":"binary-expr","locations":[{"start":{"line":60,"column":12},"end":{"line":60,"column":24}},{"start":{"line":60,"column":24},"end":{"line":60,"column":null}}]}},"s":{"0":2,"1":2,"2":2,"3":2,"4":2,"5":2,"6":2,"7":2,"8":2},"f":{"0":2,"1":2},"b":{"0":[2,2],"1":[2,2]}}
,"/Users/danielaponceberdejo/Developer/bootcamp-first-project/src/pages/HomePage.tsx": {"path":"/Users/danielaponceberdejo/Developer/bootcamp-first-project/src/pages/HomePage.tsx","statementMap":{"0":{"start":{"line":1,"column":0},"end":{"line":1,"column":37}},"1":{"start":{"line":2,"column":0},"end":{"line":2,"column":49}},"2":{"start":{"line":3,"column":0},"end":{"line":3,"column":49}},"3":{"start":{"line":4,"column":0},"end":{"line":4,"column":60}},"4":{"start":{"line":5,"column":0},"end":{"line":5,"column":64}},"5":{"start":{"line":6,"column":0},"end":{"line":6,"column":52}},"6":{"start":{"line":7,"column":0},"end":{"line":7,"column":51}},"7":{"start":{"line":8,"column":0},"end":{"line":8,"column":51}},"8":{"start":{"line":10,"column":21},"end":{"line":45,"column":1}},"9":{"start":{"line":11,"column":29},"end":{"line":11,"column":41}},"10":{"start":{"line":12,"column":33},"end":{"line":13,"column":null}},"11":{"start":{"line":23,"column":5},"end":{"line":23,"column":34}},"12":{"start":{"line":25,"column":1},"end":{"line":44,"column":3}},"13":{"start":{"line":47,"column":0},"end":{"line":47,"column":24}}},"fnMap":{"0":{"name":"(anonymous_1)","decl":{"start":{"line":10,"column":21},"end":{"line":10,"column":24}},"loc":{"start":{"line":10,"column":26},"end":{"line":45,"column":1}}}},"branchMap":{"0":{"loc":{"start":{"line":28,"column":4},"end":{"line":40,"column":null}},"type":"cond-expr","locations":[{"start":{"line":29,"column":4},"end":{"line":29,"column":15}},{"start":{"line":31,"column":4},"end":{"line":39,"column":null}}]},"1":{"loc":{"start":{"line":33,"column":6},"end":{"line":38,"column":null}},"type":"binary-expr","locations":[{"start":{"line":33,"column":6},"end":{"line":33,"column":20}},{"start":{"line":34,"column":6},"end":{"line":37,"column":null}}]}},"s":{"0":1,"1":1,"2":1,"3":1,"4":1,"5":1,"6":1,"7":1,"8":1,"9":7,"10":7,"11":7,"12":7,"13":1},"f":{"0":7},"b":{"0":[1,6],"1":[6,2]}}
,"/Users/danielaponceberdejo/Developer/bootcamp-first-project/src/pages/SummaryPage.tsx": {"path":"/Users/danielaponceberdejo/Developer/bootcamp-first-project/src/pages/SummaryPage.tsx","statementMap":{"0":{"start":{"line":1,"column":0},"end":{"line":1,"column":57}},"1":{"start":{"line":2,"column":0},"end":{"line":2,"column":53}},"2":{"start":{"line":3,"column":0},"end":{"line":3,"column":49}},"3":{"start":{"line":4,"column":0},"end":{"line":4,"column":49}},"4":{"start":{"line":5,"column":0},"end":{"line":5,"column":67}},"5":{"start":{"line":6,"column":0},"end":{"line":6,"column":27}},"6":{"start":{"line":8,"column":20},"end":{"line":20,"column":1}},"7":{"start":{"line":9,"column":1},"end":{"line":19,"column":3}},"8":{"start":{"line":22,"column":0},"end":{"line":22,"column":27}}},"fnMap":{"0":{"name":"(anonymous_1)","decl":{"start":{"line":8,"column":20},"end":{"line":8,"column":23}},"loc":{"start":{"line":8,"column":25},"end":{"line":20,"column":1}}}},"branchMap":{},"s":{"0":1,"1":1,"2":1,"3":1,"4":1,"5":1,"6":1,"7":2,"8":1},"f":{"0":2},"b":{}}
,"/Users/danielaponceberdejo/Developer/bootcamp-first-project/src/utils/APIConstants.ts": {"path":"/Users/danielaponceberdejo/Developer/bootcamp-first-project/src/utils/APIConstants.ts","statementMap":{"0":{"start":{"line":1,"column":0},"end":{"line":1,"column":null}},"1":{"start":{"line":2,"column":1},"end":{"line":2,"column":null}}},"fnMap":{"0":{"name":"(anonymous_0)","decl":{"start":{"line":1,"column":0},"end":{"line":1,"column":12}},"loc":{"start":{"line":1,"column":24},"end":{"line":3,"column":1}}}},"branchMap":{"0":{"loc":{"start":{"line":1,"column":12},"end":{"line":1,"column":null}},"type":"binary-expr","locations":[{"start":{"line":1,"column":12},"end":{"line":1,"column":24}},{"start":{"line":1,"column":24},"end":{"line":1,"column":null}}]}},"s":{"0":5,"1":5},"f":{"0":5},"b":{"0":[5,5]}}
,"/Users/danielaponceberdejo/Developer/bootcamp-first-project/src/utils/actions.ts": {"path":"/Users/danielaponceberdejo/Developer/bootcamp-first-project/src/utils/actions.ts","statementMap":{"0":{"start":{"line":1,"column":0},"end":{"line":1,"column":null}},"1":{"start":{"line":2,"column":1},"end":{"line":2,"column":null}},"2":{"start":{"line":3,"column":1},"end":{"line":3,"column":null}},"3":{"start":{"line":4,"column":1},"end":{"line":4,"column":null}},"4":{"start":{"line":5,"column":1},"end":{"line":5,"column":null}}},"fnMap":{"0":{"name":"(anonymous_0)","decl":{"start":{"line":1,"column":0},"end":{"line":1,"column":12}},"loc":{"start":{"line":1,"column":19},"end":{"line":6,"column":1}}}},"branchMap":{"0":{"loc":{"start":{"line":1,"column":12},"end":{"line":1,"column":null}},"type":"binary-expr","locations":[{"start":{"line":1,"column":12},"end":{"line":1,"column":19}},{"start":{"line":1,"column":19},"end":{"line":1,"column":null}}]}},"s":{"0":8,"1":8,"2":8,"3":8,"4":8},"f":{"0":8},"b":{"0":[8,8]}}
,"/Users/danielaponceberdejo/Developer/bootcamp-first-project/src/utils/images.ts": {"path":"/Users/danielaponceberdejo/Developer/bootcamp-first-project/src/utils/images.ts","statementMap":{"0":{"start":{"line":1,"column":0},"end":{"line":1,"column":null}},"1":{"start":{"line":2,"column":1},"end":{"line":2,"column":null}}},"fnMap":{"0":{"name":"(anonymous_0)","decl":{"start":{"line":1,"column":0},"end":{"line":1,"column":12}},"loc":{"start":{"line":1,"column":18},"end":{"line":3,"column":1}}}},"branchMap":{"0":{"loc":{"start":{"line":1,"column":12},"end":{"line":1,"column":null}},"type":"binary-expr","locations":[{"start":{"line":1,"column":12},"end":{"line":1,"column":18}},{"start":{"line":1,"column":18},"end":{"line":1,"column":null}}]}},"s":{"0":1,"1":1},"f":{"0":1},"b":{"0":[1,1]}}
,"/Users/danielaponceberdejo/Developer/bootcamp-first-project/src/utils/localStorageConstants.ts": {"path":"/Users/danielaponceberdejo/Developer/bootcamp-first-project/src/utils/localStorageConstants.ts","statementMap":{"0":{"start":{"line":1,"column":0},"end":{"line":1,"column":null}},"1":{"start":{"line":2,"column":1},"end":{"line":2,"column":null}}},"fnMap":{"0":{"name":"(anonymous_0)","decl":{"start":{"line":1,"column":0},"end":{"line":1,"column":12}},"loc":{"start":{"line":1,"column":33},"end":{"line":3,"column":1}}}},"branchMap":{"0":{"loc":{"start":{"line":1,"column":12},"end":{"line":1,"column":null}},"type":"binary-expr","locations":[{"start":{"line":1,"column":12},"end":{"line":1,"column":33}},{"start":{"line":1,"column":33},"end":{"line":1,"column":null}}]}},"s":{"0":8,"1":8},"f":{"0":8},"b":{"0":[8,8]}}
,"/Users/danielaponceberdejo/Developer/bootcamp-first-project/src/utils/regexPatterns.ts": {"path":"/Users/danielaponceberdejo/Developer/bootcamp-first-project/src/utils/regexPatterns.ts","statementMap":{"0":{"start":{"line":1,"column":13},"end":{"line":4,"column":2}},"1":{"start":{"line":6,"column":0},"end":{"line":6,"column":null}},"2":{"start":{"line":7,"column":1},"end":{"line":7,"column":null}},"3":{"start":{"line":8,"column":1},"end":{"line":8,"column":null}}},"fnMap":{"0":{"name":"(anonymous_0)","decl":{"start":{"line":6,"column":0},"end":{"line":6,"column":5}},"loc":{"start":{"line":6,"column":23},"end":{"line":9,"column":1}}}},"branchMap":{"0":{"loc":{"start":{"line":6,"column":5},"end":{"line":6,"column":null}},"type":"binary-expr","locations":[{"start":{"line":6,"column":5},"end":{"line":6,"column":23}},{"start":{"line":6,"column":5},"end":{"line":6,"column":null}}]}},"s":{"0":1,"1":1,"2":1,"3":1},"f":{"0":1},"b":{"0":[1,1]}}
,"/Users/danielaponceberdejo/Developer/bootcamp-first-project/src/utils/routes.ts": {"path":"/Users/danielaponceberdejo/Developer/bootcamp-first-project/src/utils/routes.ts","statementMap":{"0":{"start":{"line":1,"column":0},"end":{"line":1,"column":null}},"1":{"start":{"line":2,"column":1},"end":{"line":2,"column":null}},"2":{"start":{"line":3,"column":1},"end":{"line":3,"column":null}}},"fnMap":{"0":{"name":"(anonymous_0)","decl":{"start":{"line":1,"column":0},"end":{"line":1,"column":12}},"loc":{"start":{"line":1,"column":27},"end":{"line":4,"column":1}}}},"branchMap":{"0":{"loc":{"start":{"line":1,"column":12},"end":{"line":1,"column":null}},"type":"binary-expr","locations":[{"start":{"line":1,"column":12},"end":{"line":1,"column":27}},{"start":{"line":1,"column":27},"end":{"line":1,"column":null}}]}},"s":{"0":4,"1":4,"2":4},"f":{"0":4},"b":{"0":[4,4]}}
,"/Users/danielaponceberdejo/Developer/bootcamp-first-project/src/utils/staticTexts.ts": {"path":"/Users/danielaponceberdejo/Developer/bootcamp-first-project/src/utils/staticTexts.ts","statementMap":{"0":{"start":{"line":1,"column":0},"end":{"line":1,"column":null}},"1":{"start":{"line":2,"column":1},"end":{"line":2,"column":null}},"2":{"start":{"line":3,"column":1},"end":{"line":3,"column":null}},"3":{"start":{"line":4,"column":1},"end":{"line":4,"column":null}}},"fnMap":{"0":{"name":"(anonymous_0)","decl":{"start":{"line":1,"column":0},"end":{"line":1,"column":12}},"loc":{"start":{"line":1,"column":23},"end":{"line":5,"column":1}}}},"branchMap":{"0":{"loc":{"start":{"line":1,"column":12},"end":{"line":1,"column":null}},"type":"binary-expr","locations":[{"start":{"line":1,"column":12},"end":{"line":1,"column":23}},{"start":{"line":1,"column":23},"end":{"line":1,"column":null}}]}},"s":{"0":5,"1":5,"2":5,"3":5},"f":{"0":5},"b":{"0":[5,5]}}
,"/Users/danielaponceberdejo/Developer/bootcamp-first-project/src/utils/staticValues.ts": {"path":"/Users/danielaponceberdejo/Developer/bootcamp-first-project/src/utils/staticValues.ts","statementMap":{"0":{"start":{"line":1,"column":0},"end":{"line":1,"column":null}},"1":{"start":{"line":2,"column":1},"end":{"line":2,"column":null}},"2":{"start":{"line":3,"column":1},"end":{"line":3,"column":null}}},"fnMap":{"0":{"name":"(anonymous_0)","decl":{"start":{"line":1,"column":0},"end":{"line":1,"column":12}},"loc":{"start":{"line":1,"column":24},"end":{"line":4,"column":1}}}},"branchMap":{"0":{"loc":{"start":{"line":1,"column":12},"end":{"line":1,"column":null}},"type":"binary-expr","locations":[{"start":{"line":1,"column":12},"end":{"line":1,"column":24}},{"start":{"line":1,"column":24},"end":{"line":1,"column":null}}]}},"s":{"0":2,"1":2,"2":2},"f":{"0":2},"b":{"0":[2,2]}}
}
