TN:
SF:src/api/category.api.ts
FN:5,fetchAllCategories
FNF:1
FNH:1
FNDA:2,fetchAllCategories
DA:1,2
DA:3,2
DA:5,2
DA:6,2
DA:9,2
DA:10,1
DA:12,1
DA:13,1
LF:8
LH:8
BRDA:9,0,0,1
BRF:1
BRH:1
end_of_record
TN:
SF:src/api/product.api.ts
FN:5,fetchAllProducts
FN:14,fetchProductsByCategory
FNF:2
FNH:2
FNDA:2,fetchAllProducts
FNDA:2,fetchProductsByCategory
DA:1,3
DA:3,3
DA:5,3
DA:6,2
DA:7,2
DA:8,1
DA:10,1
DA:11,1
DA:14,3
DA:17,2
DA:20,2
DA:21,1
DA:25,1
DA:26,1
LF:14
LH:14
BRDA:7,0,0,1
BRDA:20,1,0,1
BRF:2
BRH:2
end_of_record
TN:
SF:src/components/Button/Button.tsx
FN:10,(anonymous_0)
FNF:1
FNH:1
FNDA:27,(anonymous_0)
DA:10,2
DA:17,27
DA:29,2
LF:3
LH:3
BRDA:11,0,0,7
BRDA:13,1,0,24
BRDA:15,2,0,6
BRDA:22,3,0,3
BRDA:22,3,1,24
BRF:5
BRH:5
end_of_record
TN:
SF:src/components/Cart/CartSummary.tsx
FN:4,(anonymous_0)
FNF:1
FNH:1
FNDA:5,(anonymous_0)
DA:2,1
DA:4,1
DA:5,5
DA:7,5
DA:14,1
LF:5
LH:5
BRF:0
BRH:0
end_of_record
TN:
SF:src/components/Cart/CartTable.tsx
FN:6,(anonymous_1)
FN:22,(anonymous_2)
FNF:2
FNH:2
FNDA:4,(anonymous_1)
FNDA:6,(anonymous_2)
DA:1,1
DA:3,1
DA:4,1
DA:6,1
DA:7,4
DA:9,4
DA:23,6
DA:31,1
LF:8
LH:8
BRF:0
BRH:0
end_of_record
TN:
SF:src/components/Footer/Footer.tsx
FN:3,(anonymous_0)
FNF:1
FNH:1
FNDA:1,(anonymous_0)
DA:1,1
DA:3,1
DA:4,1
DA:27,1
LF:4
LH:4
BRF:0
BRH:0
end_of_record
TN:
SF:src/components/Header/CartCounter.tsx
FN:7,(anonymous_0)
FNF:1
FNH:1
FNDA:4,(anonymous_0)
DA:2,1
DA:3,1
DA:4,1
DA:5,1
DA:7,1
DA:8,4
DA:10,4
DA:25,1
LF:8
LH:8
BRDA:16,0,0,4
BRDA:16,0,1,2
BRF:2
BRH:2
end_of_record
TN:
SF:src/components/Header/CategoryDropdown.tsx
FN:9,(anonymous_0)
FN:12,(anonymous_1)
FN:17,(anonymous_2)
FNF:3
FNH:3
FNDA:3,(anonymous_0)
FNDA:1,(anonymous_1)
FNDA:9,(anonymous_2)
DA:9,1
DA:10,3
DA:12,1
DA:18,9
DA:26,1
LF:5
LH:5
BRF:0
BRH:0
end_of_record
TN:
SF:src/components/Header/Header.tsx
FN:17,(anonymous_1)
FNF:1
FNH:1
FNDA:5,(anonymous_1)
DA:2,1
DA:3,1
DA:4,1
DA:5,1
DA:6,1
DA:7,1
DA:8,1
DA:9,1
DA:10,1
DA:17,1
DA:18,5
DA:20,5
DA:22,5
DA:24,5
DA:51,1
LF:15
LH:15
BRDA:33,0,0,1
BRDA:33,0,1,4
BRF:2
BRH:2
end_of_record
TN:
SF:src/components/Header/SearchBar.tsx
FN:9,(anonymous_0)
FN:15,(anonymous_1)
FNF:2
FNH:2
FNDA:3,(anonymous_0)
FNDA:1,(anonymous_1)
DA:2,1
DA:3,1
DA:9,1
DA:10,3
DA:16,1
DA:23,1
LF:6
LH:6
BRF:0
BRH:0
end_of_record
TN:
SF:src/components/ProductList/Paginator.tsx
FN:9,(anonymous_0)
FN:17,(anonymous_1)
FN:26,(anonymous_2)
FNF:3
FNH:3
FNDA:5,(anonymous_0)
FNDA:1,(anonymous_1)
FNDA:1,(anonymous_2)
DA:1,1
DA:9,1
DA:14,5
DA:17,1
DA:26,1
DA:35,1
LF:6
LH:6
BRF:0
BRH:0
end_of_record
TN:
SF:src/components/ProductList/ProductCard.tsx
FN:6,(anonymous_0)
FN:11,(anonymous_1)
FNF:2
FNH:2
FNDA:3,(anonymous_0)
FNDA:1,(anonymous_1)
DA:3,1
DA:4,1
DA:6,1
DA:7,3
DA:9,3
DA:11,3
DA:12,1
DA:15,3
DA:29,1
LF:9
LH:9
BRF:0
BRH:0
end_of_record
TN:
SF:src/components/ProductList/ProductList.tsx
FN:10,(anonymous_1)
FN:13,(anonymous_2)
FNF:2
FNH:2
FNDA:4,(anonymous_1)
FNDA:6,(anonymous_2)
DA:3,1
DA:4,1
DA:10,1
DA:11,4
DA:14,6
DA:20,1
LF:6
LH:6
BRF:0
BRH:0
end_of_record
TN:
SF:src/components/ShippingForm/ShippingForm.tsx
FN:20,(anonymous_1)
FN:37,(anonymous_2)
FN:48,(anonymous_3)
FN:87,(anonymous_4)
FN:139,(anonymous_5)
FNF:5
FNH:5
FNDA:19,(anonymous_1)
FNDA:8,(anonymous_2)
FNDA:4,(anonymous_3)
FNDA:4,(anonymous_4)
FNDA:38,(anonymous_5)
DA:1,1
DA:2,1
DA:3,1
DA:4,1
DA:5,1
DA:6,1
DA:7,1
DA:8,1
DA:20,1
DA:21,19
DA:23,19
DA:24,19
DA:26,19
DA:35,19
DA:37,19
DA:40,8
DA:41,8
DA:43,8
DA:44,0
DA:48,19
DA:49,4
DA:51,4
DA:55,3
DA:58,4
DA:62,3
DA:65,4
DA:66,3
DA:69,4
DA:70,3
DA:73,4
DA:74,3
DA:77,4
DA:78,2
DA:79,2
DA:80,1
DA:83,4
DA:84,4
DA:87,19
DA:88,4
DA:89,4
DA:90,1
DA:91,1
DA:92,1
DA:96,19
DA:140,38
DA:202,1
LF:46
LH:45
BRDA:43,0,0,0
BRDA:51,1,0,3
BRDA:52,2,0,4
BRDA:52,2,1,1
BRDA:58,3,0,3
BRDA:59,4,0,4
BRDA:59,4,1,1
BRDA:65,5,0,3
BRDA:69,6,0,3
BRDA:73,7,0,3
BRDA:77,8,0,2
BRDA:77,8,1,2
BRDA:79,9,0,1
BRDA:89,10,0,1
BRDA:110,11,0,19
BRDA:110,11,1,3
BRDA:125,12,0,19
BRDA:125,12,1,3
BRDA:145,13,0,19
BRDA:145,13,1,3
BRDA:160,14,0,19
BRDA:160,14,1,3
BRDA:175,15,0,19
BRDA:175,15,1,3
BRDA:190,16,0,19
BRDA:190,16,1,3
BRF:26
BRH:25
end_of_record
TN:
SF:src/components/Spinner/Spinner.tsx
FN:3,(anonymous_0)
FNF:1
FNH:1
FNDA:1,(anonymous_0)
DA:1,1
DA:3,1
DA:4,1
DA:11,1
LF:4
LH:4
BRF:0
BRH:0
end_of_record
TN:
SF:src/context/CartContext.tsx
FN:39,(anonymous_0)
FN:43,(anonymous_1)
FN:46,(anonymous_2)
FN:52,(anonymous_3)
FN:56,(anonymous_4)
FN:81,(anonymous_5)
FN:84,(anonymous_6)
FN:88,(anonymous_7)
FN:100,(anonymous_8)
FN:106,(anonymous_9)
FN:110,(anonymous_10)
FN:135,(anonymous_11)
FN:150,(anonymous_12)
FNF:13
FNH:11
FNDA:13,(anonymous_0)
FNDA:1,(anonymous_1)
FNDA:1,(anonymous_2)
FNDA:1,(anonymous_3)
FNDA:1,(anonymous_4)
FNDA:1,(anonymous_5)
FNDA:0,(anonymous_6)
FNDA:0,(anonymous_7)
FNDA:2,(anonymous_8)
FNDA:2,(anonymous_9)
FNDA:2,(anonymous_10)
FNDA:29,(anonymous_11)
FNDA:25,(anonymous_12)
DA:1,8
DA:11,8
DA:12,8
DA:33,8
DA:39,8
DA:40,13
DA:42,7
DA:43,1
DA:45,7
DA:46,1
DA:47,1
DA:51,1
DA:52,1
DA:55,1
DA:56,1
DA:60,1
DA:68,6
DA:72,6
DA:80,2
DA:81,1
DA:83,2
DA:84,0
DA:87,2
DA:88,0
DA:92,2
DA:100,2
DA:101,2
DA:105,2
DA:106,2
DA:109,2
DA:110,2
DA:114,2
DA:122,2
DA:124,0
DA:133,8
DA:135,8
DA:136,29
DA:137,29
DA:141,29
DA:143,29
DA:150,8
DA:151,25
DA:152,25
DA:153,1
DA:155,24
LF:45
LH:42
BRDA:40,0,0,7
BRDA:40,0,1,2
BRDA:40,0,2,2
BRDA:40,0,3,2
BRDA:40,0,4,0
BRDA:45,1,0,1
BRDA:47,2,0,1
BRDA:47,2,1,0
BRDA:101,3,0,2
BRDA:101,3,1,0
BRDA:137,4,0,24
BRDA:137,4,1,5
BRDA:152,5,0,1
BRF:13
BRH:10
end_of_record
TN:
SF:src/hooks/useCart.ts
FN:7,(anonymous_0)
FN:10,(anonymous_1)
FN:17,(anonymous_2)
FN:20,(anonymous_3)
FN:23,(anonymous_4)
FN:29,(anonymous_5)
FNF:6
FNH:6
FNDA:14,(anonymous_0)
FNDA:14,(anonymous_1)
FNDA:6,(anonymous_2)
FNDA:1,(anonymous_3)
FNDA:1,(anonymous_4)
FNDA:1,(anonymous_5)
DA:1,6
DA:2,6
DA:4,6
DA:5,6
DA:7,6
DA:8,14
DA:10,14
DA:11,14
DA:17,14
DA:18,6
DA:20,14
DA:21,1
DA:23,14
DA:24,1
DA:29,14
DA:31,14
LF:16
LH:16
BRF:0
BRH:0
end_of_record
TN:
SF:src/hooks/useCategories.ts
FN:5,(anonymous_0)
FN:8,(anonymous_1)
FN:9,(anonymous_2)
FNF:3
FNH:3
FNDA:2,(anonymous_0)
FNDA:1,(anonymous_1)
FNDA:1,(anonymous_2)
DA:1,1
DA:2,1
DA:5,1
DA:6,2
DA:8,2
DA:9,1
DA:12,2
LF:7
LH:7
BRF:0
BRH:0
end_of_record
TN:
SF:src/hooks/useDistricts.ts
FN:8,(anonymous_0)
FN:11,(anonymous_1)
FN:12,(anonymous_2)
FNF:3
FNH:3
FNDA:2,(anonymous_0)
FNDA:1,(anonymous_1)
FNDA:1,(anonymous_2)
DA:1,2
DA:8,2
DA:9,2
DA:11,2
DA:12,1
DA:13,1
DA:14,1
DA:15,1
DA:18,1
DA:21,2
LF:10
LH:10
BRF:0
BRH:0
end_of_record
TN:
SF:src/hooks/useProducts.ts
FN:7,(anonymous_0)
FN:13,(anonymous_1)
FN:32,(anonymous_2)
FN:36,(anonymous_3)
FN:37,(anonymous_4)
FNF:5
FNH:5
FNDA:18,(anonymous_0)
FNDA:4,(anonymous_1)
FNDA:4,(anonymous_2)
FNDA:8,(anonymous_3)
FNDA:11,(anonymous_4)
DA:1,2
DA:2,2
DA:4,2
DA:5,2
DA:7,2
DA:8,18
DA:9,18
DA:10,18
DA:11,18
DA:13,18
DA:14,4
DA:15,4
DA:16,4
DA:17,4
DA:18,3
DA:20,1
DA:22,4
DA:23,4
DA:24,4
DA:26,0
DA:28,4
DA:32,18
DA:33,4
DA:36,18
DA:37,8
DA:38,11
DA:40,8
DA:41,8
DA:44,18
DA:49,18
DA:53,18
LF:31
LH:30
BRDA:17,0,0,3
BRDA:17,0,1,1
BRF:2
BRH:2
end_of_record
TN:
SF:src/mappers/category.mapper.ts
FN:3,mapCategory
FN:10,mapCategories
FNF:2
FNH:2
FNDA:3,mapCategory
FNDA:2,mapCategories
DA:3,3
DA:4,3
DA:10,3
DA:11,2
LF:4
LH:4
BRF:0
BRH:0
end_of_record
TN:
SF:src/mappers/product.mapper.ts
FN:7,mapProduct
FN:18,mapProducts
FNF:2
FNH:2
FNDA:3,mapProduct
FNDA:2,mapProducts
DA:7,4
DA:8,3
DA:18,4
DA:19,2
LF:4
LH:4
BRF:0
BRH:0
end_of_record
TN:
SF:src/models/product.types.ts
FN:42,(anonymous_0)
FN:60,(anonymous_1)
FNF:2
FNH:2
FNDA:2,(anonymous_0)
FNDA:2,(anonymous_1)
DA:42,2
DA:43,2
DA:44,2
DA:60,2
DA:61,2
DA:62,2
DA:63,2
DA:64,2
DA:65,2
LF:9
LH:9
BRDA:42,0,0,2
BRDA:42,0,1,2
BRDA:60,1,0,2
BRDA:60,1,1,2
BRF:4
BRH:4
end_of_record
TN:
SF:src/pages/HomePage.tsx
FN:10,(anonymous_1)
FNF:1
FNH:1
FNDA:7,(anonymous_1)
DA:1,1
DA:2,1
DA:3,1
DA:4,1
DA:5,1
DA:6,1
DA:7,1
DA:8,1
DA:10,1
DA:11,7
DA:12,7
DA:23,7
DA:25,7
DA:47,1
LF:14
LH:14
BRDA:28,0,0,1
BRDA:28,0,1,6
BRDA:33,1,0,6
BRDA:33,1,1,2
BRF:4
BRH:4
end_of_record
TN:
SF:src/pages/SummaryPage.tsx
FN:8,(anonymous_1)
FNF:1
FNH:1
FNDA:2,(anonymous_1)
DA:1,1
DA:2,1
DA:3,1
DA:4,1
DA:5,1
DA:6,1
DA:8,1
DA:9,2
DA:22,1
LF:9
LH:9
BRF:0
BRH:0
end_of_record
TN:
SF:src/utils/APIConstants.ts
FN:1,(anonymous_0)
FNF:1
FNH:1
FNDA:5,(anonymous_0)
DA:1,5
DA:2,5
LF:2
LH:2
BRDA:1,0,0,5
BRDA:1,0,1,5
BRF:2
BRH:2
end_of_record
TN:
SF:src/utils/actions.ts
FN:1,(anonymous_0)
FNF:1
FNH:1
FNDA:8,(anonymous_0)
DA:1,8
DA:2,8
DA:3,8
DA:4,8
DA:5,8
LF:5
LH:5
BRDA:1,0,0,8
BRDA:1,0,1,8
BRF:2
BRH:2
end_of_record
TN:
SF:src/utils/images.ts
FN:1,(anonymous_0)
FNF:1
FNH:1
FNDA:1,(anonymous_0)
DA:1,1
DA:2,1
LF:2
LH:2
BRDA:1,0,0,1
BRDA:1,0,1,1
BRF:2
BRH:2
end_of_record
TN:
SF:src/utils/localStorageConstants.ts
FN:1,(anonymous_0)
FNF:1
FNH:1
FNDA:8,(anonymous_0)
DA:1,8
DA:2,8
LF:2
LH:2
BRDA:1,0,0,8
BRDA:1,0,1,8
BRF:2
BRH:2
end_of_record
TN:
SF:src/utils/regexPatterns.ts
FN:6,(anonymous_0)
FNF:1
FNH:1
FNDA:1,(anonymous_0)
DA:1,1
DA:6,1
DA:7,1
DA:8,1
LF:4
LH:4
BRDA:6,0,0,1
BRDA:6,0,1,1
BRF:2
BRH:2
end_of_record
TN:
SF:src/utils/routes.ts
FN:1,(anonymous_0)
FNF:1
FNH:1
FNDA:4,(anonymous_0)
DA:1,4
DA:2,4
DA:3,4
LF:3
LH:3
BRDA:1,0,0,4
BRDA:1,0,1,4
BRF:2
BRH:2
end_of_record
TN:
SF:src/utils/staticTexts.ts
FN:1,(anonymous_0)
FNF:1
FNH:1
FNDA:5,(anonymous_0)
DA:1,5
DA:2,5
DA:3,5
DA:4,5
LF:4
LH:4
BRDA:1,0,0,5
BRDA:1,0,1,5
BRF:2
BRH:2
end_of_record
TN:
SF:src/utils/staticValues.ts
FN:1,(anonymous_0)
FNF:1
FNH:1
FNDA:2,(anonymous_0)
DA:1,2
DA:2,2
DA:3,2
LF:3
LH:3
BRDA:1,0,0,2
BRDA:1,0,1,2
BRF:2
BRH:2
end_of_record
